<?xml version="1.0" encoding="UTF-8"?>
<testng-results ignored="0" total="0" passed="0" failed="0" skipped="0">
  <reporter-output>
  </reporter-output>
  <suite started-at="2023-10-16T12:25:02 IST" name="Surefire suite" finished-at="2023-10-16T12:25:03 IST" duration-ms="1055">
    <groups>
      <group name="cucumber">
        <method signature="AbstractTestNGCucumberTests.runScenario(io.cucumber.testng.PickleWrapper,io.cucumber.testng.FeatureWrapper)[pri:0, instance:BDD.Cucumber.TestRunner@58695725]" name="runScenario" class="io.cucumber.testng.AbstractTestNGCucumberTests"/>
      </group> <!-- cucumber -->
    </groups>
    <test started-at="2023-10-16T12:25:02 IST" name="Surefire test" finished-at="2023-10-16T12:25:03 IST" duration-ms="1055">
      <class name="BDD.Cucumber.TestRunner">
        <test-method is-config="true" signature="setUpClass(org.testng.ITestContext)[pri:0, instance:BDD.Cucumber.TestRunner@58695725]" started-at="2023-10-16T12:25:02 IST" name="setUpClass" finished-at="2023-10-16T12:25:03 IST" duration-ms="668" status="PASS">
          <params>
            <param index="0">
              <value>
                <![CDATA[org.testng.TestRunner@710d7aff]]>
              </value>
            </param>
          </params>
          <reporter-output>
          </reporter-output>
        </test-method> <!-- setUpClass -->
        <test-method is-config="true" signature="tearDownClass()[pri:0, instance:BDD.Cucumber.TestRunner@58695725]" started-at="2023-10-16T12:25:03 IST" name="tearDownClass" finished-at="2023-10-16T12:25:03 IST" duration-ms="329" status="PASS">
          <reporter-output>
          </reporter-output>
        </test-method> <!-- tearDownClass -->
      </class> <!-- BDD.Cucumber.TestRunner -->
    </test> <!-- Surefire test -->
  </suite> <!-- Surefire suite -->
</testng-results>
